{"/Users/marko/Documents/programiranje/Projects/jokeApp/config/database/database_connection.js": {"path":"/Users/marko/Documents/programiranje/Projects/jokeApp/config/database/database_connection.js","statementMap":{"0":{"start":{"line":1,"column":18},"end":{"line":1,"column":38}},"1":{"start":{"line":3,"column":18},"end":{"line":12,"column":1}},"2":{"start":{"line":24,"column":0},"end":{"line":24,"column":27}}},"fnMap":{},"branchMap":{},"s":{"0":4,"1":4,"2":4},"f":{},"b":{},"_coverageSchema":"1a1c01bbd47fc00a2c39e90264f33305004495a9","hash":"a2d6c9bd6c9d931d11e7c05e95df3c0dab901322"}
,"/Users/marko/Documents/programiranje/Projects/jokeApp/controllers/authController.js": {"path":"/Users/marko/Documents/programiranje/Projects/jokeApp/controllers/authController.js","statementMap":{"0":{"start":{"line":2,"column":15},"end":{"line":2,"column":34}},"1":{"start":{"line":3,"column":22},"end":{"line":3,"column":42}},"2":{"start":{"line":6,"column":19},"end":{"line":6,"column":52}},"3":{"start":{"line":7,"column":20},"end":{"line":7,"column":54}},"4":{"start":{"line":10,"column":15},"end":{"line":10,"column":27}},"5":{"start":{"line":13,"column":21},"end":{"line":49,"column":1}},"6":{"start":{"line":14,"column":17},"end":{"line":19,"column":3}},"7":{"start":{"line":22,"column":2},"end":{"line":47,"column":3}},"8":{"start":{"line":23,"column":4},"end":{"line":39,"column":7}},"9":{"start":{"line":24,"column":6},"end":{"line":26,"column":7}},"10":{"start":{"line":25,"column":8},"end":{"line":25,"column":37}},"11":{"start":{"line":27,"column":6},"end":{"line":29,"column":7}},"12":{"start":{"line":28,"column":8},"end":{"line":28,"column":40}},"13":{"start":{"line":30,"column":6},"end":{"line":32,"column":7}},"14":{"start":{"line":31,"column":8},"end":{"line":31,"column":41}},"15":{"start":{"line":33,"column":6},"end":{"line":35,"column":7}},"16":{"start":{"line":34,"column":8},"end":{"line":34,"column":40}},"17":{"start":{"line":36,"column":6},"end":{"line":38,"column":7}},"18":{"start":{"line":37,"column":8},"end":{"line":37,"column":59}},"19":{"start":{"line":41,"column":4},"end":{"line":43,"column":5}},"20":{"start":{"line":42,"column":6},"end":{"line":42,"column":33}},"21":{"start":{"line":44,"column":4},"end":{"line":46,"column":5}},"22":{"start":{"line":45,"column":6},"end":{"line":45,"column":36}},"23":{"start":{"line":48,"column":2},"end":{"line":48,"column":16}},"24":{"start":{"line":51,"column":0},"end":{"line":73,"column":2}},"25":{"start":{"line":57,"column":6},"end":{"line":57,"column":14}},"26":{"start":{"line":59,"column":2},"end":{"line":72,"column":3}},"27":{"start":{"line":60,"column":17},"end":{"line":65,"column":5}},"28":{"start":{"line":66,"column":18},"end":{"line":66,"column":61}},"29":{"start":{"line":67,"column":4},"end":{"line":67,"column":72}},"30":{"start":{"line":68,"column":4},"end":{"line":68,"column":50}},"31":{"start":{"line":70,"column":19},"end":{"line":70,"column":36}},"32":{"start":{"line":71,"column":4},"end":{"line":71,"column":33}},"33":{"start":{"line":75,"column":0},"end":{"line":95,"column":2}},"34":{"start":{"line":76,"column":30},"end":{"line":76,"column":38}},"35":{"start":{"line":77,"column":2},"end":{"line":94,"column":3}},"36":{"start":{"line":78,"column":17},"end":{"line":78,"column":57}},"37":{"start":{"line":79,"column":4},"end":{"line":90,"column":5}},"38":{"start":{"line":80,"column":19},"end":{"line":80,"column":64}},"39":{"start":{"line":81,"column":6},"end":{"line":87,"column":7}},"40":{"start":{"line":82,"column":22},"end":{"line":82,"column":65}},"41":{"start":{"line":83,"column":8},"end":{"line":83,"column":76}},"42":{"start":{"line":84,"column":8},"end":{"line":84,"column":54}},"43":{"start":{"line":86,"column":8},"end":{"line":86,"column":46}},"44":{"start":{"line":89,"column":6},"end":{"line":89,"column":44}},"45":{"start":{"line":92,"column":19},"end":{"line":92,"column":36}},"46":{"start":{"line":93,"column":4},"end":{"line":93,"column":33}}},"fnMap":{"0":{"name":"(anonymous_0)","decl":{"start":{"line":13,"column":21},"end":{"line":13,"column":22}},"loc":{"start":{"line":13,"column":30},"end":{"line":49,"column":1}},"line":13},"1":{"name":"(anonymous_1)","decl":{"start":{"line":23,"column":23},"end":{"line":23,"column":24}},"loc":{"start":{"line":23,"column":34},"end":{"line":39,"column":5}},"line":23},"2":{"name":"(anonymous_2)","decl":{"start":{"line":51,"column":24},"end":{"line":51,"column":25}},"loc":{"start":{"line":51,"column":44},"end":{"line":73,"column":1}},"line":51},"3":{"name":"(anonymous_3)","decl":{"start":{"line":75,"column":23},"end":{"line":75,"column":24}},"loc":{"start":{"line":75,"column":43},"end":{"line":95,"column":1}},"line":75}},"branchMap":{"0":{"loc":{"start":{"line":22,"column":2},"end":{"line":47,"column":3}},"type":"if","locations":[{"start":{"line":22,"column":2},"end":{"line":47,"column":3}},{"start":{"line":40,"column":9},"end":{"line":47,"column":3}}],"line":22},"1":{"loc":{"start":{"line":24,"column":6},"end":{"line":26,"column":7}},"type":"if","locations":[{"start":{"line":24,"column":6},"end":{"line":26,"column":7}},{"start":{},"end":{}}],"line":24},"2":{"loc":{"start":{"line":27,"column":6},"end":{"line":29,"column":7}},"type":"if","locations":[{"start":{"line":27,"column":6},"end":{"line":29,"column":7}},{"start":{},"end":{}}],"line":27},"3":{"loc":{"start":{"line":30,"column":6},"end":{"line":32,"column":7}},"type":"if","locations":[{"start":{"line":30,"column":6},"end":{"line":32,"column":7}},{"start":{},"end":{}}],"line":30},"4":{"loc":{"start":{"line":33,"column":6},"end":{"line":35,"column":7}},"type":"if","locations":[{"start":{"line":33,"column":6},"end":{"line":35,"column":7}},{"start":{},"end":{}}],"line":33},"5":{"loc":{"start":{"line":36,"column":6},"end":{"line":38,"column":7}},"type":"if","locations":[{"start":{"line":36,"column":6},"end":{"line":38,"column":7}},{"start":{},"end":{}}],"line":36},"6":{"loc":{"start":{"line":41,"column":4},"end":{"line":43,"column":5}},"type":"if","locations":[{"start":{"line":41,"column":4},"end":{"line":43,"column":5}},{"start":{},"end":{}}],"line":41},"7":{"loc":{"start":{"line":44,"column":4},"end":{"line":46,"column":5}},"type":"if","locations":[{"start":{"line":44,"column":4},"end":{"line":46,"column":5}},{"start":{},"end":{}}],"line":44},"8":{"loc":{"start":{"line":79,"column":4},"end":{"line":90,"column":5}},"type":"if","locations":[{"start":{"line":79,"column":4},"end":{"line":90,"column":5}},{"start":{"line":88,"column":11},"end":{"line":90,"column":5}}],"line":79},"9":{"loc":{"start":{"line":81,"column":6},"end":{"line":87,"column":7}},"type":"if","locations":[{"start":{"line":81,"column":6},"end":{"line":87,"column":7}},{"start":{"line":85,"column":13},"end":{"line":87,"column":7}}],"line":81}},"s":{"0":2,"1":2,"2":2,"3":2,"4":2,"5":2,"6":4,"7":4,"8":0,"9":0,"10":0,"11":0,"12":0,"13":0,"14":0,"15":0,"16":0,"17":0,"18":0,"19":4,"20":0,"21":4,"22":2,"23":4,"24":2,"25":2,"26":2,"27":2,"28":1,"29":1,"30":1,"31":1,"32":1,"33":2,"34":4,"35":4,"36":4,"37":3,"38":3,"39":3,"40":1,"41":1,"42":1,"43":2,"44":0,"45":3,"46":3},"f":{"0":4,"1":0,"2":2,"3":4},"b":{"0":[0,4],"1":[0,0],"2":[0,0],"3":[0,0],"4":[0,0],"5":[0,0],"6":[0,4],"7":[2,2],"8":[3,0],"9":[1,2]},"_coverageSchema":"1a1c01bbd47fc00a2c39e90264f33305004495a9","hash":"bef00a17007d6d7c41e6189213ec777bd76bd536"}
,"/Users/marko/Documents/programiranje/Projects/jokeApp/controllers/jokeController.js": {"path":"/Users/marko/Documents/programiranje/Projects/jokeApp/controllers/jokeController.js","statementMap":{"0":{"start":{"line":2,"column":20},"end":{"line":2,"column":54}},"1":{"start":{"line":4,"column":26},"end":{"line":4,"column":59}},"2":{"start":{"line":6,"column":25},"end":{"line":6,"column":64}},"3":{"start":{"line":8,"column":0},"end":{"line":22,"column":2}},"4":{"start":{"line":9,"column":21},"end":{"line":9,"column":24}},"5":{"start":{"line":10,"column":2},"end":{"line":21,"column":3}},"6":{"start":{"line":11,"column":17},"end":{"line":11,"column":55}},"7":{"start":{"line":12,"column":4},"end":{"line":18,"column":5}},"8":{"start":{"line":13,"column":23},"end":{"line":13,"column":57}},"9":{"start":{"line":14,"column":6},"end":{"line":14,"column":76}},"10":{"start":{"line":15,"column":6},"end":{"line":15,"column":36}},"11":{"start":{"line":17,"column":6},"end":{"line":17,"column":40}},"12":{"start":{"line":20,"column":4},"end":{"line":20,"column":38}}},"fnMap":{"0":{"name":"(anonymous_0)","decl":{"start":{"line":8,"column":26},"end":{"line":8,"column":27}},"loc":{"start":{"line":8,"column":46},"end":{"line":22,"column":1}},"line":8}},"branchMap":{"0":{"loc":{"start":{"line":12,"column":4},"end":{"line":18,"column":5}},"type":"if","locations":[{"start":{"line":12,"column":4},"end":{"line":18,"column":5}},{"start":{"line":16,"column":11},"end":{"line":18,"column":5}}],"line":12}},"s":{"0":1,"1":1,"2":1,"3":1,"4":2,"5":2,"6":2,"7":2,"8":1,"9":1,"10":1,"11":1,"12":1},"f":{"0":2},"b":{"0":[1,1]},"_coverageSchema":"1a1c01bbd47fc00a2c39e90264f33305004495a9","hash":"a6c187c8e86eef2f30aa1d5ec1dcca6c26e4bfb4"}
,"/Users/marko/Documents/programiranje/Projects/jokeApp/middleware/authMiddleware.js": {"path":"/Users/marko/Documents/programiranje/Projects/jokeApp/middleware/authMiddleware.js","statementMap":{"0":{"start":{"line":2,"column":24},"end":{"line":2,"column":57}},"1":{"start":{"line":4,"column":20},"end":{"line":19,"column":1}},"2":{"start":{"line":5,"column":16},"end":{"line":5,"column":31}},"3":{"start":{"line":8,"column":2},"end":{"line":18,"column":3}},"4":{"start":{"line":9,"column":4},"end":{"line":15,"column":5}},"5":{"start":{"line":10,"column":27},"end":{"line":10,"column":75}},"6":{"start":{"line":11,"column":6},"end":{"line":11,"column":39}},"7":{"start":{"line":12,"column":6},"end":{"line":12,"column":13}},"8":{"start":{"line":14,"column":6},"end":{"line":14,"column":40}},"9":{"start":{"line":17,"column":4},"end":{"line":17,"column":51}},"10":{"start":{"line":21,"column":0},"end":{"line":21,"column":33}}},"fnMap":{"0":{"name":"(anonymous_0)","decl":{"start":{"line":4,"column":20},"end":{"line":4,"column":21}},"loc":{"start":{"line":4,"column":46},"end":{"line":19,"column":1}},"line":4}},"branchMap":{"0":{"loc":{"start":{"line":8,"column":2},"end":{"line":18,"column":3}},"type":"if","locations":[{"start":{"line":8,"column":2},"end":{"line":18,"column":3}},{"start":{"line":16,"column":9},"end":{"line":18,"column":3}}],"line":8}},"s":{"0":1,"1":1,"2":2,"3":2,"4":1,"5":1,"6":1,"7":1,"8":0,"9":1,"10":1},"f":{"0":2},"b":{"0":[1,1]},"_coverageSchema":"1a1c01bbd47fc00a2c39e90264f33305004495a9","hash":"557e673131166cf754f684b569b14cc5f623e8a4"}
,"/Users/marko/Documents/programiranje/Projects/jokeApp/models/user.js": {"path":"/Users/marko/Documents/programiranje/Projects/jokeApp/models/user.js","statementMap":{"0":{"start":{"line":1,"column":15},"end":{"line":1,"column":34}},"1":{"start":{"line":2,"column":22},"end":{"line":2,"column":42}},"2":{"start":{"line":3,"column":18},"end":{"line":3,"column":67}},"3":{"start":{"line":5,"column":13},"end":{"line":57,"column":1}},"4":{"start":{"line":19,"column":8},"end":{"line":19,"column":56}},"5":{"start":{"line":59,"column":0},"end":{"line":63,"column":3}},"6":{"start":{"line":60,"column":25},"end":{"line":60,"column":61}},"7":{"start":{"line":62,"column":2},"end":{"line":62,"column":33}},"8":{"start":{"line":65,"column":0},"end":{"line":65,"column":22}}},"fnMap":{"0":{"name":"(anonymous_0)","decl":{"start":{"line":18,"column":6},"end":{"line":18,"column":7}},"loc":{"start":{"line":18,"column":17},"end":{"line":20,"column":7}},"line":18},"1":{"name":"(anonymous_1)","decl":{"start":{"line":59,"column":18},"end":{"line":59,"column":19}},"loc":{"start":{"line":59,"column":34},"end":{"line":63,"column":1}},"line":59}},"branchMap":{},"s":{"0":4,"1":4,"2":4,"3":4,"4":0,"5":4,"6":0,"7":0,"8":4},"f":{"0":0,"1":0},"b":{},"_coverageSchema":"1a1c01bbd47fc00a2c39e90264f33305004495a9","hash":"f5b57e0a3d438869ae62fae5f21d2d6dbd8b99f6"}
,"/Users/marko/Documents/programiranje/Projects/jokeApp/services/fetchJokeService.js": {"path":"/Users/marko/Documents/programiranje/Projects/jokeApp/services/fetchJokeService.js","statementMap":{"0":{"start":{"line":2,"column":14},"end":{"line":2,"column":30}},"1":{"start":{"line":4,"column":18},"end":{"line":4,"column":76}},"2":{"start":{"line":4,"column":24},"end":{"line":4,"column":76}},"3":{"start":{"line":6,"column":0},"end":{"line":6,"column":31}}},"fnMap":{"0":{"name":"(anonymous_0)","decl":{"start":{"line":4,"column":18},"end":{"line":4,"column":19}},"loc":{"start":{"line":4,"column":24},"end":{"line":4,"column":76}},"line":4}},"branchMap":{},"s":{"0":2,"1":2,"2":1,"3":2},"f":{"0":1},"b":{},"_coverageSchema":"1a1c01bbd47fc00a2c39e90264f33305004495a9","hash":"6a9ec93c7c5ddf205cd7c24b13eafaf7edc04cbd"}
,"/Users/marko/Documents/programiranje/Projects/jokeApp/services/jwtService.js": {"path":"/Users/marko/Documents/programiranje/Projects/jokeApp/services/jwtService.js","statementMap":{"0":{"start":{"line":2,"column":12},"end":{"line":2,"column":35}},"1":{"start":{"line":5,"column":20},"end":{"line":9,"column":1}},"2":{"start":{"line":5,"column":40},"end":{"line":9,"column":1}},"3":{"start":{"line":12,"column":20},"end":{"line":19,"column":1}},"4":{"start":{"line":13,"column":2},"end":{"line":18,"column":3}},"5":{"start":{"line":14,"column":25},"end":{"line":14,"column":50}},"6":{"start":{"line":15,"column":4},"end":{"line":15,"column":24}},"7":{"start":{"line":17,"column":4},"end":{"line":17,"column":48}},"8":{"start":{"line":21,"column":0},"end":{"line":24,"column":2}}},"fnMap":{"0":{"name":"(anonymous_0)","decl":{"start":{"line":5,"column":20},"end":{"line":5,"column":21}},"loc":{"start":{"line":5,"column":40},"end":{"line":9,"column":1}},"line":5},"1":{"name":"(anonymous_1)","decl":{"start":{"line":12,"column":20},"end":{"line":12,"column":21}},"loc":{"start":{"line":12,"column":39},"end":{"line":19,"column":1}},"line":12}},"branchMap":{},"s":{"0":4,"1":4,"2":1,"3":4,"4":1,"5":1,"6":0,"7":1,"8":4},"f":{"0":1,"1":1},"b":{},"_coverageSchema":"1a1c01bbd47fc00a2c39e90264f33305004495a9","hash":"b3c4771ceced8ad780fd00468e12957b6b1c72d0"}
,"/Users/marko/Documents/programiranje/Projects/jokeApp/services/nodeMailer.js": {"path":"/Users/marko/Documents/programiranje/Projects/jokeApp/services/nodeMailer.js","statementMap":{"0":{"start":{"line":1,"column":19},"end":{"line":1,"column":40}},"1":{"start":{"line":3,"column":21},"end":{"line":25,"column":1}},"2":{"start":{"line":4,"column":2},"end":{"line":24,"column":3}},"3":{"start":{"line":5,"column":24},"end":{"line":11,"column":6}},"4":{"start":{"line":13,"column":24},"end":{"line":18,"column":5}},"5":{"start":{"line":20,"column":17},"end":{"line":20,"column":56}},"6":{"start":{"line":21,"column":4},"end":{"line":21,"column":73}},"7":{"start":{"line":23,"column":4},"end":{"line":23,"column":21}},"8":{"start":{"line":27,"column":0},"end":{"line":27,"column":34}}},"fnMap":{"0":{"name":"(anonymous_0)","decl":{"start":{"line":3,"column":21},"end":{"line":3,"column":22}},"loc":{"start":{"line":3,"column":61},"end":{"line":25,"column":1}},"line":3}},"branchMap":{},"s":{"0":1,"1":1,"2":0,"3":0,"4":0,"5":0,"6":0,"7":0,"8":1},"f":{"0":0},"b":{},"_coverageSchema":"1a1c01bbd47fc00a2c39e90264f33305004495a9","hash":"3b3aebee1d4ca41abdd4e0d8986098fb97f35a3f"}
,"/Users/marko/Documents/programiranje/Projects/jokeApp/services/userService.js": {"path":"/Users/marko/Documents/programiranje/Projects/jokeApp/services/userService.js","statementMap":{"0":{"start":{"line":2,"column":13},"end":{"line":2,"column":38}},"1":{"start":{"line":5,"column":16},"end":{"line":12,"column":1}},"2":{"start":{"line":6,"column":2},"end":{"line":11,"column":5}},"3":{"start":{"line":15,"column":21},"end":{"line":15,"column":68}},"4":{"start":{"line":15,"column":33},"end":{"line":15,"column":68}},"5":{"start":{"line":16,"column":24},"end":{"line":16,"column":69}},"6":{"start":{"line":16,"column":35},"end":{"line":16,"column":69}},"7":{"start":{"line":18,"column":0},"end":{"line":22,"column":2}}},"fnMap":{"0":{"name":"(anonymous_0)","decl":{"start":{"line":5,"column":16},"end":{"line":5,"column":17}},"loc":{"start":{"line":5,"column":64},"end":{"line":12,"column":1}},"line":5},"1":{"name":"(anonymous_1)","decl":{"start":{"line":15,"column":21},"end":{"line":15,"column":22}},"loc":{"start":{"line":15,"column":33},"end":{"line":15,"column":68}},"line":15},"2":{"name":"(anonymous_2)","decl":{"start":{"line":16,"column":24},"end":{"line":16,"column":25}},"loc":{"start":{"line":16,"column":35},"end":{"line":16,"column":69}},"line":16}},"branchMap":{},"s":{"0":4,"1":4,"2":1,"3":4,"4":1,"5":4,"6":1,"7":4},"f":{"0":1,"1":1,"2":1},"b":{},"_coverageSchema":"1a1c01bbd47fc00a2c39e90264f33305004495a9","hash":"78f84fced588fe1961c6d56e4fd1a452327b2711"}
}
