{"/Users/marko/Documents/programiranje/Projects/jokeApp/config/database/database_connection.js": {"path":"/Users/marko/Documents/programiranje/Projects/jokeApp/config/database/database_connection.js","statementMap":{"0":{"start":{"line":1,"column":18},"end":{"line":1,"column":38}},"1":{"start":{"line":3,"column":18},"end":{"line":12,"column":1}},"2":{"start":{"line":24,"column":0},"end":{"line":24,"column":27}}},"fnMap":{},"branchMap":{},"s":{"0":1,"1":1,"2":1},"f":{},"b":{},"_coverageSchema":"1a1c01bbd47fc00a2c39e90264f33305004495a9","hash":"a2d6c9bd6c9d931d11e7c05e95df3c0dab901322"}
,"/Users/marko/Documents/programiranje/Projects/jokeApp/middleware/authMiddleware.js": {"path":"/Users/marko/Documents/programiranje/Projects/jokeApp/middleware/authMiddleware.js","statementMap":{"0":{"start":{"line":2,"column":24},"end":{"line":2,"column":57}},"1":{"start":{"line":4,"column":20},"end":{"line":19,"column":1}},"2":{"start":{"line":5,"column":16},"end":{"line":5,"column":31}},"3":{"start":{"line":8,"column":2},"end":{"line":18,"column":3}},"4":{"start":{"line":9,"column":4},"end":{"line":15,"column":5}},"5":{"start":{"line":10,"column":27},"end":{"line":10,"column":75}},"6":{"start":{"line":11,"column":6},"end":{"line":11,"column":39}},"7":{"start":{"line":12,"column":6},"end":{"line":12,"column":13}},"8":{"start":{"line":14,"column":6},"end":{"line":14,"column":40}},"9":{"start":{"line":17,"column":4},"end":{"line":17,"column":51}},"10":{"start":{"line":21,"column":0},"end":{"line":21,"column":33}}},"fnMap":{"0":{"name":"(anonymous_0)","decl":{"start":{"line":4,"column":20},"end":{"line":4,"column":21}},"loc":{"start":{"line":4,"column":46},"end":{"line":19,"column":1}},"line":4}},"branchMap":{"0":{"loc":{"start":{"line":8,"column":2},"end":{"line":18,"column":3}},"type":"if","locations":[{"start":{"line":8,"column":2},"end":{"line":18,"column":3}},{"start":{"line":16,"column":9},"end":{"line":18,"column":3}}],"line":8}},"s":{"0":1,"1":1,"2":2,"3":2,"4":1,"5":1,"6":1,"7":1,"8":0,"9":1,"10":1},"f":{"0":2},"b":{"0":[1,1]},"_coverageSchema":"1a1c01bbd47fc00a2c39e90264f33305004495a9","hash":"557e673131166cf754f684b569b14cc5f623e8a4"}
,"/Users/marko/Documents/programiranje/Projects/jokeApp/models/user.js": {"path":"/Users/marko/Documents/programiranje/Projects/jokeApp/models/user.js","statementMap":{"0":{"start":{"line":1,"column":15},"end":{"line":1,"column":34}},"1":{"start":{"line":2,"column":22},"end":{"line":2,"column":42}},"2":{"start":{"line":3,"column":18},"end":{"line":3,"column":67}},"3":{"start":{"line":5,"column":13},"end":{"line":57,"column":1}},"4":{"start":{"line":19,"column":8},"end":{"line":19,"column":56}},"5":{"start":{"line":59,"column":0},"end":{"line":63,"column":3}},"6":{"start":{"line":60,"column":25},"end":{"line":60,"column":61}},"7":{"start":{"line":62,"column":2},"end":{"line":62,"column":33}},"8":{"start":{"line":65,"column":0},"end":{"line":65,"column":22}}},"fnMap":{"0":{"name":"(anonymous_0)","decl":{"start":{"line":18,"column":6},"end":{"line":18,"column":7}},"loc":{"start":{"line":18,"column":17},"end":{"line":20,"column":7}},"line":18},"1":{"name":"(anonymous_1)","decl":{"start":{"line":59,"column":18},"end":{"line":59,"column":19}},"loc":{"start":{"line":59,"column":34},"end":{"line":63,"column":1}},"line":59}},"branchMap":{},"s":{"0":1,"1":1,"2":1,"3":1,"4":0,"5":1,"6":0,"7":0,"8":1},"f":{"0":0,"1":0},"b":{},"_coverageSchema":"1a1c01bbd47fc00a2c39e90264f33305004495a9","hash":"f5b57e0a3d438869ae62fae5f21d2d6dbd8b99f6"}
,"/Users/marko/Documents/programiranje/Projects/jokeApp/services/fetchJokeService.js": {"path":"/Users/marko/Documents/programiranje/Projects/jokeApp/services/fetchJokeService.js","statementMap":{"0":{"start":{"line":2,"column":14},"end":{"line":2,"column":30}},"1":{"start":{"line":4,"column":18},"end":{"line":4,"column":76}},"2":{"start":{"line":4,"column":24},"end":{"line":4,"column":76}},"3":{"start":{"line":6,"column":0},"end":{"line":6,"column":31}}},"fnMap":{"0":{"name":"(anonymous_0)","decl":{"start":{"line":4,"column":18},"end":{"line":4,"column":19}},"loc":{"start":{"line":4,"column":24},"end":{"line":4,"column":76}},"line":4}},"branchMap":{},"s":{"0":1,"1":1,"2":1,"3":1},"f":{"0":1},"b":{},"_coverageSchema":"1a1c01bbd47fc00a2c39e90264f33305004495a9","hash":"6a9ec93c7c5ddf205cd7c24b13eafaf7edc04cbd"}
,"/Users/marko/Documents/programiranje/Projects/jokeApp/services/jwtService.js": {"path":"/Users/marko/Documents/programiranje/Projects/jokeApp/services/jwtService.js","statementMap":{"0":{"start":{"line":2,"column":12},"end":{"line":2,"column":35}},"1":{"start":{"line":5,"column":20},"end":{"line":9,"column":1}},"2":{"start":{"line":5,"column":40},"end":{"line":9,"column":1}},"3":{"start":{"line":12,"column":20},"end":{"line":19,"column":1}},"4":{"start":{"line":13,"column":2},"end":{"line":18,"column":3}},"5":{"start":{"line":14,"column":25},"end":{"line":14,"column":50}},"6":{"start":{"line":15,"column":4},"end":{"line":15,"column":24}},"7":{"start":{"line":17,"column":4},"end":{"line":17,"column":48}},"8":{"start":{"line":21,"column":0},"end":{"line":24,"column":2}}},"fnMap":{"0":{"name":"(anonymous_0)","decl":{"start":{"line":5,"column":20},"end":{"line":5,"column":21}},"loc":{"start":{"line":5,"column":40},"end":{"line":9,"column":1}},"line":5},"1":{"name":"(anonymous_1)","decl":{"start":{"line":12,"column":20},"end":{"line":12,"column":21}},"loc":{"start":{"line":12,"column":39},"end":{"line":19,"column":1}},"line":12}},"branchMap":{},"s":{"0":2,"1":2,"2":1,"3":2,"4":1,"5":1,"6":0,"7":1,"8":2},"f":{"0":1,"1":1},"b":{},"_coverageSchema":"1a1c01bbd47fc00a2c39e90264f33305004495a9","hash":"b3c4771ceced8ad780fd00468e12957b6b1c72d0"}
,"/Users/marko/Documents/programiranje/Projects/jokeApp/services/userService.js": {"path":"/Users/marko/Documents/programiranje/Projects/jokeApp/services/userService.js","statementMap":{"0":{"start":{"line":2,"column":13},"end":{"line":2,"column":38}},"1":{"start":{"line":5,"column":16},"end":{"line":12,"column":1}},"2":{"start":{"line":6,"column":2},"end":{"line":11,"column":5}},"3":{"start":{"line":15,"column":21},"end":{"line":15,"column":68}},"4":{"start":{"line":15,"column":33},"end":{"line":15,"column":68}},"5":{"start":{"line":16,"column":24},"end":{"line":16,"column":69}},"6":{"start":{"line":16,"column":35},"end":{"line":16,"column":69}},"7":{"start":{"line":18,"column":0},"end":{"line":22,"column":2}}},"fnMap":{"0":{"name":"(anonymous_0)","decl":{"start":{"line":5,"column":16},"end":{"line":5,"column":17}},"loc":{"start":{"line":5,"column":64},"end":{"line":12,"column":1}},"line":5},"1":{"name":"(anonymous_1)","decl":{"start":{"line":15,"column":21},"end":{"line":15,"column":22}},"loc":{"start":{"line":15,"column":33},"end":{"line":15,"column":68}},"line":15},"2":{"name":"(anonymous_2)","decl":{"start":{"line":16,"column":24},"end":{"line":16,"column":25}},"loc":{"start":{"line":16,"column":35},"end":{"line":16,"column":69}},"line":16}},"branchMap":{},"s":{"0":1,"1":1,"2":1,"3":1,"4":1,"5":1,"6":1,"7":1},"f":{"0":1,"1":1,"2":1},"b":{},"_coverageSchema":"1a1c01bbd47fc00a2c39e90264f33305004495a9","hash":"78f84fced588fe1961c6d56e4fd1a452327b2711"}
}
