TN:
SF:config/database/database_connection.js
FNF:0
FNH:0
DA:1,4
DA:3,4
DA:24,4
LF:3
LH:3
BRF:0
BRH:0
end_of_record
TN:
SF:controllers/authController.js
FN:13,(anonymous_0)
FN:23,(anonymous_1)
FN:51,(anonymous_2)
FN:75,(anonymous_3)
FNF:4
FNH:3
FNDA:4,(anonymous_0)
FNDA:0,(anonymous_1)
FNDA:2,(anonymous_2)
FNDA:4,(anonymous_3)
DA:2,2
DA:3,2
DA:6,2
DA:7,2
DA:10,2
DA:13,2
DA:14,4
DA:22,4
DA:23,0
DA:24,0
DA:25,0
DA:27,0
DA:28,0
DA:30,0
DA:31,0
DA:33,0
DA:34,0
DA:36,0
DA:37,0
DA:41,4
DA:42,0
DA:44,4
DA:45,2
DA:48,4
DA:51,2
DA:57,2
DA:59,2
DA:60,2
DA:66,1
DA:67,1
DA:68,1
DA:70,1
DA:71,1
DA:75,2
DA:76,4
DA:77,4
DA:78,4
DA:79,3
DA:80,3
DA:81,3
DA:82,1
DA:83,1
DA:84,1
DA:86,2
DA:89,0
DA:92,3
DA:93,3
LF:47
LH:34
BRDA:22,0,0,0
BRDA:22,0,1,4
BRDA:24,1,0,0
BRDA:24,1,1,0
BRDA:27,2,0,0
BRDA:27,2,1,0
BRDA:30,3,0,0
BRDA:30,3,1,0
BRDA:33,4,0,0
BRDA:33,4,1,0
BRDA:36,5,0,0
BRDA:36,5,1,0
BRDA:41,6,0,0
BRDA:41,6,1,4
BRDA:44,7,0,2
BRDA:44,7,1,2
BRDA:79,8,0,3
BRDA:79,8,1,0
BRDA:81,9,0,1
BRDA:81,9,1,2
BRF:20
BRH:7
end_of_record
TN:
SF:controllers/jokeController.js
FN:8,(anonymous_0)
FNF:1
FNH:1
FNDA:2,(anonymous_0)
DA:2,1
DA:4,1
DA:6,1
DA:8,1
DA:9,2
DA:10,2
DA:11,2
DA:12,2
DA:13,1
DA:14,1
DA:15,1
DA:17,1
DA:20,1
LF:13
LH:13
BRDA:12,0,0,1
BRDA:12,0,1,1
BRF:2
BRH:2
end_of_record
TN:
SF:middleware/authMiddleware.js
FN:4,(anonymous_0)
FNF:1
FNH:1
FNDA:2,(anonymous_0)
DA:2,1
DA:4,1
DA:5,2
DA:8,2
DA:9,1
DA:10,1
DA:11,1
DA:12,1
DA:14,0
DA:17,1
DA:21,1
LF:11
LH:10
BRDA:8,0,0,1
BRDA:8,0,1,1
BRF:2
BRH:2
end_of_record
TN:
SF:models/user.js
FN:18,(anonymous_0)
FN:59,(anonymous_1)
FNF:2
FNH:0
FNDA:0,(anonymous_0)
FNDA:0,(anonymous_1)
DA:1,4
DA:2,4
DA:3,4
DA:5,4
DA:19,0
DA:59,4
DA:60,0
DA:62,0
DA:65,4
LF:9
LH:6
BRF:0
BRH:0
end_of_record
TN:
SF:services/fetchJokeService.js
FN:4,(anonymous_0)
FNF:1
FNH:1
FNDA:1,(anonymous_0)
DA:2,2
DA:4,2
DA:6,2
LF:3
LH:3
BRF:0
BRH:0
end_of_record
TN:
SF:services/jwtService.js
FN:5,(anonymous_0)
FN:12,(anonymous_1)
FNF:2
FNH:2
FNDA:1,(anonymous_0)
FNDA:1,(anonymous_1)
DA:2,4
DA:5,4
DA:12,4
DA:13,1
DA:14,1
DA:15,0
DA:17,1
DA:21,4
LF:8
LH:7
BRF:0
BRH:0
end_of_record
TN:
SF:services/nodeMailer.js
FN:3,(anonymous_0)
FNF:1
FNH:0
FNDA:0,(anonymous_0)
DA:1,1
DA:3,1
DA:4,0
DA:5,0
DA:13,0
DA:20,0
DA:21,0
DA:23,0
DA:27,1
LF:9
LH:3
BRF:0
BRH:0
end_of_record
TN:
SF:services/userService.js
FN:5,(anonymous_0)
FN:15,(anonymous_1)
FN:16,(anonymous_2)
FNF:3
FNH:3
FNDA:1,(anonymous_0)
FNDA:1,(anonymous_1)
FNDA:1,(anonymous_2)
DA:2,4
DA:5,4
DA:6,1
DA:15,4
DA:16,4
DA:18,4
LF:6
LH:6
BRF:0
BRH:0
end_of_record
